Using pre-set license
Built from '2020.3/staging' branch; Version is '2020.3.25f1 (9b9180224418) revision 10195328'; Using compiler version '192528614'; Build Type 'Release'
OS: 'Windows 10  (10.0.19041) 64bit Professional' Language: 'ru' Physical Memory: 16337 MB
BatchMode: 1, IsHumanControllingUs: 0, StartBugReporterOnCrash: 0, Is64bit: 1, IsPro: 0

COMMAND LINE ARGUMENTS:
C:\Program Files\Unity\Hub\Editor\2020.3.25f1\Editor\Unity.exe
-adb2
-batchMode
-noUpm
-name
AssetImportWorker0
-projectPath
C:/Users/Asus/Documents/GitHub/SwampAttack/SwampAttack
-logFile
Logs/AssetImportWorker0.log
-srvPort
61518
Successfully changed project path to: C:/Users/Asus/Documents/GitHub/SwampAttack/SwampAttack
C:/Users/Asus/Documents/GitHub/SwampAttack/SwampAttack
Using Asset Import Pipeline V2.
Unable to join player connection multicast group.
Unable to join player connection alternative multicast group.
Refreshing native plugins compatible for Editor in 69.59 ms, found 3 plugins.
Preloading 0 native plugins for Editor in 0.00 ms.
Initialize engine version: 2020.3.25f1 (9b9180224418)
[Subsystems] Discovering subsystems at path C:/Program Files/Unity/Hub/Editor/2020.3.25f1/Editor/Data/Resources/UnitySubsystems
[Subsystems] Discovering subsystems at path C:/Users/Asus/Documents/GitHub/SwampAttack/SwampAttack/Assets
GfxDevice: creating device client; threaded=0
Direct3D:
    Version:  Direct3D 11.0 [level 11.1]
    Renderer: NVIDIA GeForce GTX 1070 (ID=0x1be1)
    Vendor:   
    VRAM:     8081 MB
    Driver:   30.0.14.9729
Initialize mono
Mono path[0] = 'C:/Program Files/Unity/Hub/Editor/2020.3.25f1/Editor/Data/Managed'
Mono path[1] = 'C:/Program Files/Unity/Hub/Editor/2020.3.25f1/Editor/Data/MonoBleedingEdge/lib/mono/unityjit'
Mono config path = 'C:/Program Files/Unity/Hub/Editor/2020.3.25f1/Editor/Data/MonoBleedingEdge/etc'
Using monoOptions --debugger-agent=transport=dt_socket,embedding=1,server=y,suspend=n,address=127.0.0.1:56600
Begin MonoManager ReloadAssembly
Registering precompiled unity dll's ...
Register platform support module: C:/Program Files/Unity/Hub/Editor/2020.3.25f1/Editor/Data/PlaybackEngines/WindowsStandaloneSupport/UnityEditor.WindowsStandalone.Extensions.dll
Registered in 0.002090 seconds.
Native extension for WindowsStandalone target not found
Refreshing native plugins compatible for Editor in 76.99 ms, found 3 plugins.
Preloading 0 native plugins for Editor in 0.00 ms.
Mono: successfully reloaded assembly
- Completed reload, in  0.844 seconds
Domain Reload Profiling:
	ReloadAssembly (844ms)
		BeginReloadAssembly (69ms)
			ExecutionOrderSort (0ms)
			DisableScriptedObjects (0ms)
			BackupInstance (0ms)
			ReleaseScriptingObjects (0ms)
			CreateAndSetChildDomain (1ms)
		EndReloadAssembly (671ms)
			LoadAssemblies (67ms)
			RebuildTransferFunctionScriptingTraits (0ms)
			SetupTypeCache (208ms)
			ReleaseScriptCaches (0ms)
			RebuildScriptCaches (47ms)
			SetupLoadedEditorAssemblies (264ms)
				LogAssemblyErrors (0ms)
				InitializePlatformSupportModulesInManaged (5ms)
				SetLoadedEditorAssemblies (0ms)
				RefreshPlugins (77ms)
				BeforeProcessingInitializeOnLoad (21ms)
				ProcessInitializeOnLoadAttributes (119ms)
				ProcessInitializeOnLoadMethodAttributes (41ms)
				AfterProcessingInitializeOnLoad (0ms)
				EditorAssembliesLoaded (0ms)
			ExecutionOrderSort2 (0ms)
			AwakeInstancesAfterBackupRestoration (0ms)
Platform modules already initialized, skipping
Registering precompiled user dll's ...
Registered in 0.006003 seconds.
Begin MonoManager ReloadAssembly
Native extension for WindowsStandalone target not found
Refreshing native plugins compatible for Editor in 64.75 ms, found 3 plugins.
Preloading 0 native plugins for Editor in 0.00 ms.
Mono: successfully reloaded assembly
- Completed reload, in  1.557 seconds
Domain Reload Profiling:
	ReloadAssembly (1558ms)
		BeginReloadAssembly (184ms)
			ExecutionOrderSort (0ms)
			DisableScriptedObjects (6ms)
			BackupInstance (0ms)
			ReleaseScriptingObjects (0ms)
			CreateAndSetChildDomain (23ms)
		EndReloadAssembly (1296ms)
			LoadAssemblies (112ms)
			RebuildTransferFunctionScriptingTraits (0ms)
			SetupTypeCache (418ms)
			ReleaseScriptCaches (1ms)
			RebuildScriptCaches (77ms)
			SetupLoadedEditorAssemblies (509ms)
				LogAssemblyErrors (0ms)
				InitializePlatformSupportModulesInManaged (4ms)
				SetLoadedEditorAssemblies (0ms)
				RefreshPlugins (65ms)
				BeforeProcessingInitializeOnLoad (120ms)
				ProcessInitializeOnLoadAttributes (290ms)
				ProcessInitializeOnLoadMethodAttributes (23ms)
				AfterProcessingInitializeOnLoad (6ms)
				EditorAssembliesLoaded (0ms)
			ExecutionOrderSort2 (0ms)
			AwakeInstancesAfterBackupRestoration (9ms)
Platform modules already initialized, skipping
========================================================================
Worker process is ready to serve import requests
Launched and connected shader compiler UnityShaderCompiler.exe after 0.09 seconds
Refreshing native plugins compatible for Editor in 0.60 ms, found 3 plugins.
Preloading 0 native plugins for Editor in 0.00 ms.
Unloading 2274 Unused Serialized files (Serialized files now loaded: 0)
System memory in use before: 100.2 MB.
System memory in use after: 100.4 MB.

Unloading 30 unused Assets to reduce memory usage. Loaded Objects now: 2711.
Total: 4.072500 ms (FindLiveObjects: 0.336500 ms CreateObjectMapping: 0.178100 ms MarkObjects: 3.478800 ms  DeleteObjects: 0.077900 ms)

AssetImportParameters requested are different than current active one (requested -> active):
  custom:framework-win-MediaFoundation: 216162199b28c13a410421893ffa2e32 -> 
  custom:video-decoder-ogg-theora: a1e56fd34408186e4bbccfd4996cb3dc -> 
  custom:container-muxer-webm: aa71ff27fc2769a1b78a27578f13a17b -> 
  custom:container-demuxer-webm: 4f35f7cbe854078d1ac9338744f61a02 -> 
  custom:container-demuxer-ogg: 62fdf1f143b41e24485cea50d1cbac27 -> 
  custom:video-encoder-webm-vp8: eb34c28f22e8b96e1ab97ce403110664 -> 
  custom:video-decoder-webm-vp8: 9c59270c3fd7afecdb556c50c9e8de78 -> 
  custom:audio-decoder-ogg-vorbis: bf7c407c2cedff20999df2af8eb42d56 -> 
  custom:audio-encoder-webm-vorbis: bf7c407c2cedff20999df2af8eb42d56 -> 
========================================================================
Received Import Request.
  path: Assets/TextMesh Pro/Examples & Extras/Resources/Fonts & Materials/Electronic Highway Sign SDF.asset
  artifactKey: Guid(dc36b3fdc14f47ebb36fd484a67e268a) Importer(815301076,1909f56bfc062723c751e8b465ee728b)
Start importing Assets/TextMesh Pro/Examples & Extras/Resources/Fonts & Materials/Electronic Highway Sign SDF.asset using Guid(dc36b3fdc14f47ebb36fd484a67e268a) Importer(815301076,1909f56bfc062723c751e8b465ee728b)  -> (artifact id: 'f2bd92e152b865fb740b587ea1494d95') in 0.193954 seconds 
  Import took 0.198346 seconds .

========================================================================
Received Import Request.
  Time since last request: 0.000286 seconds.
  path: Assets/TextMesh Pro/Resources/Fonts & Materials/LiberationSans SDF - Outline.mat
  artifactKey: Guid(79459efec17a4d00a321bdcc27bbc385) Importer(815301076,1909f56bfc062723c751e8b465ee728b)
Start importing Assets/TextMesh Pro/Resources/Fonts & Materials/LiberationSans SDF - Outline.mat using Guid(79459efec17a4d00a321bdcc27bbc385) Importer(815301076,1909f56bfc062723c751e8b465ee728b)  -> (artifact id: '289988fcecf3b00d1602f8d2b589f7dd') in 0.097564 seconds 
  Import took 0.101664 seconds .

========================================================================
Received Import Request.
  Time since last request: 0.000288 seconds.
  path: Assets/TextMesh Pro/Resources/Fonts & Materials/LiberationSans SDF - Drop Shadow.mat
  artifactKey: Guid(e73a58f6e2794ae7b1b7e50b7fb811b0) Importer(815301076,1909f56bfc062723c751e8b465ee728b)
Start importing Assets/TextMesh Pro/Resources/Fonts & Materials/LiberationSans SDF - Drop Shadow.mat using Guid(e73a58f6e2794ae7b1b7e50b7fb811b0) Importer(815301076,1909f56bfc062723c751e8b465ee728b)  -> (artifact id: 'ca0d2861f60500f05bd29199894f7bb5') in 0.096367 seconds 
  Import took 0.100180 seconds .

========================================================================
Received Import Request.
  Time since last request: 0.000332 seconds.
  path: Assets/TextMesh Pro/Examples & Extras/Resources/Fonts & Materials/Roboto-Bold SDF.asset
  artifactKey: Guid(5302535af1044152a457ed104f1f4b91) Importer(815301076,1909f56bfc062723c751e8b465ee728b)
Start importing Assets/TextMesh Pro/Examples & Extras/Resources/Fonts & Materials/Roboto-Bold SDF.asset using Guid(5302535af1044152a457ed104f1f4b91) Importer(815301076,1909f56bfc062723c751e8b465ee728b)  -> (artifact id: '91746b2013c9d1a5b7a0178bc0a35352') in 0.052352 seconds 
  Import took 0.056774 seconds .

========================================================================
Received Import Request.
  Time since last request: 102.837467 seconds.
  path: Assets/Sprites/Bullet.png
  artifactKey: Guid(d47a8c648a464c84ea1187af168fed53) Importer(815301076,1909f56bfc062723c751e8b465ee728b)
Start importing Assets/Sprites/Bullet.png using Guid(d47a8c648a464c84ea1187af168fed53) Importer(815301076,1909f56bfc062723c751e8b465ee728b)  -> (artifact id: 'ecc6909a1800fe17869a67d22dea14a5') in 0.028200 seconds 
  Import took 0.032698 seconds .

========================================================================
Received Import Request.
  Time since last request: 4.449199 seconds.
  path: Assets/Sprites/Bullet.png
  artifactKey: Guid(d47a8c648a464c84ea1187af168fed53) Importer(815301076,1909f56bfc062723c751e8b465ee728b)
Start importing Assets/Sprites/Bullet.png using Guid(d47a8c648a464c84ea1187af168fed53) Importer(815301076,1909f56bfc062723c751e8b465ee728b)  -> (artifact id: '53ead6b8685e4e211feaa7dc98e3e545') in 0.029733 seconds 
  Import took 0.033974 seconds .

========================================================================
Received Prepare
Registering precompiled user dll's ...
Registered in 0.005284 seconds.
Begin MonoManager ReloadAssembly
Native extension for WindowsStandalone target not found
Refreshing native plugins compatible for Editor in 0.61 ms, found 3 plugins.
Preloading 0 native plugins for Editor in 0.00 ms.
Mono: successfully reloaded assembly
- Completed reload, in  1.428 seconds
Domain Reload Profiling:
	ReloadAssembly (1428ms)
		BeginReloadAssembly (152ms)
			ExecutionOrderSort (0ms)
			DisableScriptedObjects (8ms)
			BackupInstance (0ms)
			ReleaseScriptingObjects (0ms)
			CreateAndSetChildDomain (44ms)
		EndReloadAssembly (1196ms)
			LoadAssemblies (119ms)
			RebuildTransferFunctionScriptingTraits (0ms)
			SetupTypeCache (411ms)
			ReleaseScriptCaches (1ms)
			RebuildScriptCaches (72ms)
			SetupLoadedEditorAssemblies (437ms)
				LogAssemblyErrors (0ms)
				InitializePlatformSupportModulesInManaged (6ms)
				SetLoadedEditorAssemblies (1ms)
				RefreshPlugins (1ms)
				BeforeProcessingInitializeOnLoad (127ms)
				ProcessInitializeOnLoadAttributes (281ms)
				ProcessInitializeOnLoadMethodAttributes (16ms)
				AfterProcessingInitializeOnLoad (6ms)
				EditorAssembliesLoaded (0ms)
			ExecutionOrderSort2 (0ms)
			AwakeInstancesAfterBackupRestoration (13ms)
Platform modules already initialized, skipping
Switching build target platform(19) subTarget(0) extendedPlatform(0) -> platform(13) subTarget(537395200) extendedPlatform(0)
Refreshing native plugins compatible for Editor in 0.62 ms, found 3 plugins.
Preloading 0 native plugins for Editor in 0.00 ms.
Unloading 2253 Unused Serialized files (Serialized files now loaded: 0)
System memory in use before: 101.5 MB.
System memory in use after: 101.7 MB.

Unloading 19 unused Assets to reduce memory usage. Loaded Objects now: 2759.
Total: 3.591800 ms (FindLiveObjects: 0.224600 ms CreateObjectMapping: 0.128400 ms MarkObjects: 3.215400 ms  DeleteObjects: 0.021900 ms)

AssetImportParameters requested are different than current active one (requested -> active):
  custom:framework-win-MediaFoundation: 216162199b28c13a410421893ffa2e32 -> 
  custom:video-decoder-ogg-theora: a1e56fd34408186e4bbccfd4996cb3dc -> 
  custom:container-muxer-webm: aa71ff27fc2769a1b78a27578f13a17b -> 
  custom:container-demuxer-webm: 4f35f7cbe854078d1ac9338744f61a02 -> 
  custom:container-demuxer-ogg: 62fdf1f143b41e24485cea50d1cbac27 -> 
  custom:video-encoder-webm-vp8: eb34c28f22e8b96e1ab97ce403110664 -> 
  custom:video-decoder-webm-vp8: 9c59270c3fd7afecdb556c50c9e8de78 -> 
  custom:graphics/normal-map-encoding: 01000000000000000000000000000000 -> 02000000000000000000000000000000
  custom:audio-decoder-ogg-vorbis: bf7c407c2cedff20999df2af8eb42d56 -> 
  custom:audio-encoder-webm-vorbis: bf7c407c2cedff20999df2af8eb42d56 -> 
========================================================================
Received Prepare
Registering precompiled user dll's ...
Registered in 0.005642 seconds.
Begin MonoManager ReloadAssembly
Native extension for WindowsStandalone target not found
Refreshing native plugins compatible for Editor in 0.66 ms, found 3 plugins.
Preloading 0 native plugins for Editor in 0.00 ms.
Mono: successfully reloaded assembly
- Completed reload, in  1.389 seconds
Domain Reload Profiling:
	ReloadAssembly (1389ms)
		BeginReloadAssembly (138ms)
			ExecutionOrderSort (0ms)
			DisableScriptedObjects (9ms)
			BackupInstance (0ms)
			ReleaseScriptingObjects (0ms)
			CreateAndSetChildDomain (42ms)
		EndReloadAssembly (1170ms)
			LoadAssemblies (112ms)
			RebuildTransferFunctionScriptingTraits (0ms)
			SetupTypeCache (394ms)
			ReleaseScriptCaches (1ms)
			RebuildScriptCaches (67ms)
			SetupLoadedEditorAssemblies (441ms)
				LogAssemblyErrors (0ms)
				InitializePlatformSupportModulesInManaged (6ms)
				SetLoadedEditorAssemblies (1ms)
				RefreshPlugins (1ms)
				BeforeProcessingInitializeOnLoad (130ms)
				ProcessInitializeOnLoadAttributes (281ms)
				ProcessInitializeOnLoadMethodAttributes (16ms)
				AfterProcessingInitializeOnLoad (7ms)
				EditorAssembliesLoaded (0ms)
			ExecutionOrderSort2 (0ms)
			AwakeInstancesAfterBackupRestoration (12ms)
Platform modules already initialized, skipping
Switching build target platform(19) subTarget(0) extendedPlatform(0) -> platform(13) subTarget(537395200) extendedPlatform(0)
Refreshing native plugins compatible for Editor in 0.61 ms, found 3 plugins.
Preloading 0 native plugins for Editor in 0.00 ms.
Unloading 2253 Unused Serialized files (Serialized files now loaded: 0)
System memory in use before: 101.5 MB.
System memory in use after: 101.8 MB.

Unloading 19 unused Assets to reduce memory usage. Loaded Objects now: 2761.
Total: 3.770700 ms (FindLiveObjects: 0.225000 ms CreateObjectMapping: 0.117100 ms MarkObjects: 3.407600 ms  DeleteObjects: 0.019600 ms)

AssetImportParameters requested are different than current active one (requested -> active):
  custom:framework-win-MediaFoundation: 216162199b28c13a410421893ffa2e32 -> 
  custom:video-decoder-ogg-theora: a1e56fd34408186e4bbccfd4996cb3dc -> 
  custom:container-muxer-webm: aa71ff27fc2769a1b78a27578f13a17b -> 
  custom:container-demuxer-webm: 4f35f7cbe854078d1ac9338744f61a02 -> 
  custom:container-demuxer-ogg: 62fdf1f143b41e24485cea50d1cbac27 -> 
  custom:video-encoder-webm-vp8: eb34c28f22e8b96e1ab97ce403110664 -> 
  custom:video-decoder-webm-vp8: 9c59270c3fd7afecdb556c50c9e8de78 -> 
  custom:graphics/normal-map-encoding: 01000000000000000000000000000000 -> 02000000000000000000000000000000
  custom:audio-decoder-ogg-vorbis: bf7c407c2cedff20999df2af8eb42d56 -> 
  custom:audio-encoder-webm-vorbis: bf7c407c2cedff20999df2af8eb42d56 -> 
========================================================================
Received Import Request.
  Time since last request: 66.353898 seconds.
  path: Assets/Prefabs/Bullets/Pistol Bullet.prefab
  artifactKey: Guid(85934130debced64e9525116a0fa5d50) Importer(815301076,1909f56bfc062723c751e8b465ee728b)
Start importing Assets/Prefabs/Bullets/Pistol Bullet.prefab using Guid(85934130debced64e9525116a0fa5d50) Importer(815301076,1909f56bfc062723c751e8b465ee728b)  -> (artifact id: 'fe2dd6109b5c2b77d63478ee674a11b8') in 0.079917 seconds 
  Import took 0.084349 seconds .

========================================================================
Received Prepare
Registering precompiled user dll's ...
Registered in 0.005501 seconds.
Begin MonoManager ReloadAssembly
Native extension for WindowsStandalone target not found
Refreshing native plugins compatible for Editor in 0.63 ms, found 3 plugins.
Preloading 0 native plugins for Editor in 0.00 ms.
Mono: successfully reloaded assembly
- Completed reload, in  1.374 seconds
Domain Reload Profiling:
	ReloadAssembly (1374ms)
		BeginReloadAssembly (134ms)
			ExecutionOrderSort (0ms)
			DisableScriptedObjects (8ms)
			BackupInstance (0ms)
			ReleaseScriptingObjects (0ms)
			CreateAndSetChildDomain (43ms)
		EndReloadAssembly (1161ms)
			LoadAssemblies (110ms)
			RebuildTransferFunctionScriptingTraits (0ms)
			SetupTypeCache (384ms)
			ReleaseScriptCaches (1ms)
			RebuildScriptCaches (65ms)
			SetupLoadedEditorAssemblies (439ms)
				LogAssemblyErrors (0ms)
				InitializePlatformSupportModulesInManaged (6ms)
				SetLoadedEditorAssemblies (1ms)
				RefreshPlugins (1ms)
				BeforeProcessingInitializeOnLoad (126ms)
				ProcessInitializeOnLoadAttributes (284ms)
				ProcessInitializeOnLoadMethodAttributes (16ms)
				AfterProcessingInitializeOnLoad (6ms)
				EditorAssembliesLoaded (0ms)
			ExecutionOrderSort2 (0ms)
			AwakeInstancesAfterBackupRestoration (13ms)
Platform modules already initialized, skipping
Switching build target platform(19) subTarget(0) extendedPlatform(0) -> platform(13) subTarget(537395200) extendedPlatform(0)
Refreshing native plugins compatible for Editor in 0.60 ms, found 3 plugins.
Preloading 0 native plugins for Editor in 0.00 ms.
Unloading 2253 Unused Serialized files (Serialized files now loaded: 0)
System memory in use before: 101.6 MB.
System memory in use after: 101.8 MB.

Unloading 19 unused Assets to reduce memory usage. Loaded Objects now: 2764.
Total: 3.656000 ms (FindLiveObjects: 0.218500 ms CreateObjectMapping: 0.133000 ms MarkObjects: 3.277200 ms  DeleteObjects: 0.026300 ms)

AssetImportParameters requested are different than current active one (requested -> active):
  custom:framework-win-MediaFoundation: 216162199b28c13a410421893ffa2e32 -> 
  custom:video-decoder-ogg-theora: a1e56fd34408186e4bbccfd4996cb3dc -> 
  custom:container-muxer-webm: aa71ff27fc2769a1b78a27578f13a17b -> 
  custom:container-demuxer-webm: 4f35f7cbe854078d1ac9338744f61a02 -> 
  custom:container-demuxer-ogg: 62fdf1f143b41e24485cea50d1cbac27 -> 
  custom:video-encoder-webm-vp8: eb34c28f22e8b96e1ab97ce403110664 -> 
  custom:video-decoder-webm-vp8: 9c59270c3fd7afecdb556c50c9e8de78 -> 
  custom:graphics/normal-map-encoding: 01000000000000000000000000000000 -> 02000000000000000000000000000000
  custom:audio-decoder-ogg-vorbis: bf7c407c2cedff20999df2af8eb42d56 -> 
  custom:audio-encoder-webm-vorbis: bf7c407c2cedff20999df2af8eb42d56 -> 
========================================================================
Received Import Request.
  Time since last request: 27.406425 seconds.
  path: Assets/Prefabs/Bullets/Pistol Bullet.prefab
  artifactKey: Guid(85934130debced64e9525116a0fa5d50) Importer(815301076,1909f56bfc062723c751e8b465ee728b)
Start importing Assets/Prefabs/Bullets/Pistol Bullet.prefab using Guid(85934130debced64e9525116a0fa5d50) Importer(815301076,1909f56bfc062723c751e8b465ee728b)  -> (artifact id: '6a5f9a285b58c4abdd8c87d3ca4d4ac2') in 0.068418 seconds 
  Import took 0.072611 seconds .

========================================================================
Received Import Request.
  Time since last request: 5.705667 seconds.
  path: Assets/Prefabs/Bullets/Pistol Bullet.prefab
  artifactKey: Guid(85934130debced64e9525116a0fa5d50) Importer(815301076,1909f56bfc062723c751e8b465ee728b)
Start importing Assets/Prefabs/Bullets/Pistol Bullet.prefab using Guid(85934130debced64e9525116a0fa5d50) Importer(815301076,1909f56bfc062723c751e8b465ee728b)  -> (artifact id: '3ca256697207506b6a86830ed13506c9') in 0.009883 seconds 
  Import took 0.014193 seconds .

========================================================================
Received Import Request.
  Time since last request: 3.425476 seconds.
  path: Assets/Prefabs/Bullets/Pistol Bullet.prefab
  artifactKey: Guid(85934130debced64e9525116a0fa5d50) Importer(815301076,1909f56bfc062723c751e8b465ee728b)
Start importing Assets/Prefabs/Bullets/Pistol Bullet.prefab using Guid(85934130debced64e9525116a0fa5d50) Importer(815301076,1909f56bfc062723c751e8b465ee728b)  -> (artifact id: 'efd41e67039fca1a5849db110dd8f4c3') in 0.010846 seconds 
  Import took 0.015164 seconds .

========================================================================
Received Import Request.
  Time since last request: 165.086460 seconds.
  path: Assets/Sprites/CartoonViking/CartoonViking/CorpsPose01/CorpsPose01_05.png
  artifactKey: Guid(64606fe4f63d1a3448b5ad7596517c15) Importer(815301076,1909f56bfc062723c751e8b465ee728b)
Start importing Assets/Sprites/CartoonViking/CartoonViking/CorpsPose01/CorpsPose01_05.png using Guid(64606fe4f63d1a3448b5ad7596517c15) Importer(815301076,1909f56bfc062723c751e8b465ee728b)  -> (artifact id: '9c6ae338df70750fce98d8af0798c9b0') in 0.043377 seconds 
  Import took 0.048161 seconds .

========================================================================
Received Import Request.
  Time since last request: 0.000223 seconds.
  path: Assets/Sprites/CartoonViking/CartoonViking/DeathGun01/DeathGun01_05.png
  artifactKey: Guid(a29177dade8454b47bd0cdb96c805964) Importer(815301076,1909f56bfc062723c751e8b465ee728b)
Start importing Assets/Sprites/CartoonViking/CartoonViking/DeathGun01/DeathGun01_05.png using Guid(a29177dade8454b47bd0cdb96c805964) Importer(815301076,1909f56bfc062723c751e8b465ee728b)  -> (artifact id: 'b02ce816118b31a6e35ab5b21e8011bc') in 0.023158 seconds 
  Import took 0.028334 seconds .

========================================================================
Received Import Request.
  Time since last request: 0.000215 seconds.
  path: Assets/Sprites/CartoonViking/CartoonViking/CorpsPose01/CorpsPose01_09.png
  artifactKey: Guid(36cc165f04b3246478745d54c0f32586) Importer(815301076,1909f56bfc062723c751e8b465ee728b)
Start importing Assets/Sprites/CartoonViking/CartoonViking/CorpsPose01/CorpsPose01_09.png using Guid(36cc165f04b3246478745d54c0f32586) Importer(815301076,1909f56bfc062723c751e8b465ee728b)  -> (artifact id: '3fa8097832d8c2dc7927b098aa7b5195') in 0.022237 seconds 
  Import took 0.027324 seconds .

========================================================================
Received Import Request.
  Time since last request: 0.000218 seconds.
  path: Assets/Sprites/CartoonViking/CartoonViking/DeathGun01/DeathGun01_04.png
  artifactKey: Guid(4cc0059461f9fcc42a3a922992dabc61) Importer(815301076,1909f56bfc062723c751e8b465ee728b)
Start importing Assets/Sprites/CartoonViking/CartoonViking/DeathGun01/DeathGun01_04.png using Guid(4cc0059461f9fcc42a3a922992dabc61) Importer(815301076,1909f56bfc062723c751e8b465ee728b)  -> (artifact id: '31812b66bfadcdd9cfbf1f0376e4ef8a') in 0.021495 seconds 
  Import took 0.026715 seconds .

========================================================================
Received Import Request.
  Time since last request: 0.000242 seconds.
  path: Assets/Sprites/CartoonViking/CartoonViking/DeathGun01/DeathGun01_03.png
  artifactKey: Guid(05b40058b9f994b409b3d183d76b0bf3) Importer(815301076,1909f56bfc062723c751e8b465ee728b)
Start importing Assets/Sprites/CartoonViking/CartoonViking/DeathGun01/DeathGun01_03.png using Guid(05b40058b9f994b409b3d183d76b0bf3) Importer(815301076,1909f56bfc062723c751e8b465ee728b)  -> (artifact id: '8024cac7e03c03f3e35ad80f8082f092') in 0.025738 seconds 
  Import took 0.030217 seconds .

========================================================================
Received Import Request.
  Time since last request: 0.000182 seconds.
  path: Assets/Sprites/CartoonViking/CartoonViking/DeathGun01/DeathGun01_09.png
  artifactKey: Guid(5487f7a4c1c4bf34a8016a7ca40e1542) Importer(815301076,1909f56bfc062723c751e8b465ee728b)
Start importing Assets/Sprites/CartoonViking/CartoonViking/DeathGun01/DeathGun01_09.png using Guid(5487f7a4c1c4bf34a8016a7ca40e1542) Importer(815301076,1909f56bfc062723c751e8b465ee728b)  -> (artifact id: '3636df2fdcb4d301e19ea418c37f538b') in 0.021524 seconds 
  Import took 0.026128 seconds .

========================================================================
Received Import Request.
  Time since last request: 0.000228 seconds.
  path: Assets/Sprites/CartoonViking/CartoonViking/DeathGun01/DeathGun01_02.png
  artifactKey: Guid(f715a5d4be4ecef45824ef0bbf178782) Importer(815301076,1909f56bfc062723c751e8b465ee728b)
Start importing Assets/Sprites/CartoonViking/CartoonViking/DeathGun01/DeathGun01_02.png using Guid(f715a5d4be4ecef45824ef0bbf178782) Importer(815301076,1909f56bfc062723c751e8b465ee728b)  -> (artifact id: 'cfa8ca375aea3f079152091c32c52633') in 0.021117 seconds 
  Import took 0.025873 seconds .

========================================================================
Received Import Request.
  Time since last request: 0.000249 seconds.
  path: Assets/Sprites/CartoonViking/CartoonViking/CorpsPose01/CorpsPose01_08.png
  artifactKey: Guid(90f92029f702c1f40a5049b903e143f9) Importer(815301076,1909f56bfc062723c751e8b465ee728b)
Start importing Assets/Sprites/CartoonViking/CartoonViking/CorpsPose01/CorpsPose01_08.png using Guid(90f92029f702c1f40a5049b903e143f9) Importer(815301076,1909f56bfc062723c751e8b465ee728b)  -> (artifact id: 'b2d90f7dbc8da92b1c85641248051b2a') in 0.023687 seconds 
  Import took 0.028631 seconds .

========================================================================
Received Import Request.
  Time since last request: 0.000302 seconds.
  path: Assets/Sprites/CartoonViking/CartoonViking/CorpsPose01/CorpsPose01_06.png
  artifactKey: Guid(30ada2fe62c171e4ab0b7fb87fbac13a) Importer(815301076,1909f56bfc062723c751e8b465ee728b)
Start importing Assets/Sprites/CartoonViking/CartoonViking/CorpsPose01/CorpsPose01_06.png using Guid(30ada2fe62c171e4ab0b7fb87fbac13a) Importer(815301076,1909f56bfc062723c751e8b465ee728b)  -> (artifact id: '705d67f21563b0525ccb739a96f24800') in 0.021831 seconds 
  Import took 0.025968 seconds .

========================================================================
Received Import Request.
  Time since last request: 0.000353 seconds.
  path: Assets/Sprites/CartoonViking/CartoonViking/DeathGun01/DeathGun01_01.png
  artifactKey: Guid(c9f77fc7fee587d4fbaa3a9389339ffb) Importer(815301076,1909f56bfc062723c751e8b465ee728b)
Start importing Assets/Sprites/CartoonViking/CartoonViking/DeathGun01/DeathGun01_01.png using Guid(c9f77fc7fee587d4fbaa3a9389339ffb) Importer(815301076,1909f56bfc062723c751e8b465ee728b)  -> (artifact id: '346be440b877b7be052fdc41059658af') in 0.021974 seconds 
  Import took 0.026080 seconds .

========================================================================
Received Import Request.
  Time since last request: 0.000232 seconds.
  path: Assets/Sprites/CartoonViking/CartoonViking/DeathGun01/DeathGun01_10.png
  artifactKey: Guid(399cfe1c150add942b6077f4faec99a3) Importer(815301076,1909f56bfc062723c751e8b465ee728b)
Start importing Assets/Sprites/CartoonViking/CartoonViking/DeathGun01/DeathGun01_10.png using Guid(399cfe1c150add942b6077f4faec99a3) Importer(815301076,1909f56bfc062723c751e8b465ee728b)  -> (artifact id: '1fa42ead25e7dabb6fa64594e760e1ef') in 0.021009 seconds 
  Import took 0.025345 seconds .

========================================================================
Received Import Request.
  Time since last request: 0.000186 seconds.
  path: Assets/Sprites/CartoonViking/CartoonViking/DeathGun01/DeathGun01_07.png
  artifactKey: Guid(355b2a35139c4794ca108f4fc2a9ee5e) Importer(815301076,1909f56bfc062723c751e8b465ee728b)
Start importing Assets/Sprites/CartoonViking/CartoonViking/DeathGun01/DeathGun01_07.png using Guid(355b2a35139c4794ca108f4fc2a9ee5e) Importer(815301076,1909f56bfc062723c751e8b465ee728b)  -> (artifact id: 'd3c86bc6e333cb8a77e6d314c12bce9c') in 0.020910 seconds 
  Import took 0.025140 seconds .

========================================================================
Received Import Request.
  Time since last request: 0.000266 seconds.
  path: Assets/Sprites/CartoonViking/CartoonViking/CorpsPose01/CorpsPose01_07.png
  artifactKey: Guid(7bca722370e97134d80a5f3fdc5986cb) Importer(815301076,1909f56bfc062723c751e8b465ee728b)
Start importing Assets/Sprites/CartoonViking/CartoonViking/CorpsPose01/CorpsPose01_07.png using Guid(7bca722370e97134d80a5f3fdc5986cb) Importer(815301076,1909f56bfc062723c751e8b465ee728b)  -> (artifact id: '9f6fc91fdc435a2e40a81e4ee468b18c') in 0.020022 seconds 
  Import took 0.024467 seconds .

========================================================================
Received Import Request.
  Time since last request: 0.000265 seconds.
  path: Assets/Sprites/CartoonViking/CartoonViking/DeathGun01/DeathGun01_08.png
  artifactKey: Guid(b5a2008dffb09ea42af55047b7751c9f) Importer(815301076,1909f56bfc062723c751e8b465ee728b)
Start importing Assets/Sprites/CartoonViking/CartoonViking/DeathGun01/DeathGun01_08.png using Guid(b5a2008dffb09ea42af55047b7751c9f) Importer(815301076,1909f56bfc062723c751e8b465ee728b)  -> (artifact id: 'f4bbc9a3773721cee41e88de634a42d2') in 0.020670 seconds 
  Import took 0.025014 seconds .

========================================================================
Received Import Request.
  Time since last request: 0.000235 seconds.
  path: Assets/Sprites/CartoonViking/CartoonViking/DeathGun01/DeathGun01_06.png
  artifactKey: Guid(025e07b290acafb4d953877d357fd95f) Importer(815301076,1909f56bfc062723c751e8b465ee728b)
Start importing Assets/Sprites/CartoonViking/CartoonViking/DeathGun01/DeathGun01_06.png using Guid(025e07b290acafb4d953877d357fd95f) Importer(815301076,1909f56bfc062723c751e8b465ee728b)  -> (artifact id: 'e4a626ae645e3833f79a2a60c75f6a7c') in 0.020988 seconds 
  Import took 0.025083 seconds .

========================================================================
Received Import Request.
  Time since last request: 145.559785 seconds.
  path: Assets/Resources/DOTweenSettings.asset
  artifactKey: Guid(ba787a167875bc34a99c1e147539c071) Importer(815301076,1909f56bfc062723c751e8b465ee728b)
Start importing Assets/Resources/DOTweenSettings.asset using Guid(ba787a167875bc34a99c1e147539c071) Importer(815301076,1909f56bfc062723c751e8b465ee728b)  -> (artifact id: '86806530ccb3dc81f7ed1b31a66937f7') in 0.009416 seconds 
  Import took 0.013737 seconds .

========================================================================
Received Import Request.
  Time since last request: 4.859521 seconds.
  path: Assets/Scripts/Player.cs
  artifactKey: Guid(07b8087dcc9241a44874181944bde733) Importer(815301076,1909f56bfc062723c751e8b465ee728b)
Start importing Assets/Scripts/Player.cs using Guid(07b8087dcc9241a44874181944bde733) Importer(815301076,1909f56bfc062723c751e8b465ee728b)  -> (artifact id: 'afab3b27af3dfe65e90c3bca1226f3bf') in 0.012290 seconds 
  Import took 0.016487 seconds .

========================================================================
Received Import Request.
  Time since last request: 378.472980 seconds.
  path: Assets/Scripts/Player.cs
  artifactKey: Guid(07b8087dcc9241a44874181944bde733) Importer(815301076,1909f56bfc062723c751e8b465ee728b)
Start importing Assets/Scripts/Player.cs using Guid(07b8087dcc9241a44874181944bde733) Importer(815301076,1909f56bfc062723c751e8b465ee728b)  -> (artifact id: '42e800a789ec317731e70c7942088e26') in 0.002834 seconds 
  Import took 0.007205 seconds .

========================================================================
Received Prepare
Registering precompiled user dll's ...
Registered in 0.005200 seconds.
Begin MonoManager ReloadAssembly
Native extension for WindowsStandalone target not found
Refreshing native plugins compatible for Editor in 1.03 ms, found 3 plugins.
Preloading 0 native plugins for Editor in 0.00 ms.
Mono: successfully reloaded assembly
- Completed reload, in  1.678 seconds
Domain Reload Profiling:
	ReloadAssembly (1678ms)
		BeginReloadAssembly (159ms)
			ExecutionOrderSort (0ms)
			DisableScriptedObjects (8ms)
			BackupInstance (0ms)
			ReleaseScriptingObjects (0ms)
			CreateAndSetChildDomain (47ms)
		EndReloadAssembly (1432ms)
			LoadAssemblies (127ms)
			RebuildTransferFunctionScriptingTraits (0ms)
			SetupTypeCache (444ms)
			ReleaseScriptCaches (1ms)
			RebuildScriptCaches (70ms)
			SetupLoadedEditorAssemblies (482ms)
				LogAssemblyErrors (0ms)
				InitializePlatformSupportModulesInManaged (9ms)
				SetLoadedEditorAssemblies (1ms)
				RefreshPlugins (1ms)
				BeforeProcessingInitializeOnLoad (155ms)
				ProcessInitializeOnLoadAttributes (293ms)
				ProcessInitializeOnLoadMethodAttributes (16ms)
				AfterProcessingInitializeOnLoad (6ms)
				EditorAssembliesLoaded (0ms)
			ExecutionOrderSort2 (0ms)
			AwakeInstancesAfterBackupRestoration (13ms)
Platform modules already initialized, skipping
Switching build target platform(19) subTarget(0) extendedPlatform(0) -> platform(13) subTarget(537395200) extendedPlatform(0)
Refreshing native plugins compatible for Editor in 0.62 ms, found 3 plugins.
Preloading 0 native plugins for Editor in 0.00 ms.
Unloading 2253 Unused Serialized files (Serialized files now loaded: 0)
System memory in use before: 101.6 MB.
System memory in use after: 101.8 MB.

Unloading 19 unused Assets to reduce memory usage. Loaded Objects now: 2769.
Total: 4.002300 ms (FindLiveObjects: 0.227800 ms CreateObjectMapping: 0.139000 ms MarkObjects: 3.604200 ms  DeleteObjects: 0.029300 ms)

AssetImportParameters requested are different than current active one (requested -> active):
  custom:framework-win-MediaFoundation: 216162199b28c13a410421893ffa2e32 -> 
  custom:video-decoder-ogg-theora: a1e56fd34408186e4bbccfd4996cb3dc -> 
  custom:container-muxer-webm: aa71ff27fc2769a1b78a27578f13a17b -> 
  custom:container-demuxer-webm: 4f35f7cbe854078d1ac9338744f61a02 -> 
  custom:container-demuxer-ogg: 62fdf1f143b41e24485cea50d1cbac27 -> 
  custom:video-encoder-webm-vp8: eb34c28f22e8b96e1ab97ce403110664 -> 
  custom:video-decoder-webm-vp8: 9c59270c3fd7afecdb556c50c9e8de78 -> 
  custom:graphics/normal-map-encoding: 01000000000000000000000000000000 -> 02000000000000000000000000000000
  custom:audio-decoder-ogg-vorbis: bf7c407c2cedff20999df2af8eb42d56 -> 
  custom:audio-encoder-webm-vorbis: bf7c407c2cedff20999df2af8eb42d56 -> 
========================================================================
Received Prepare
Registering precompiled user dll's ...
Registered in 0.005746 seconds.
Begin MonoManager ReloadAssembly
Native extension for WindowsStandalone target not found
Refreshing native plugins compatible for Editor in 0.62 ms, found 3 plugins.
Preloading 0 native plugins for Editor in 0.00 ms.
Mono: successfully reloaded assembly
- Completed reload, in  1.559 seconds
Domain Reload Profiling:
	ReloadAssembly (1559ms)
		BeginReloadAssembly (144ms)
			ExecutionOrderSort (0ms)
			DisableScriptedObjects (9ms)
			BackupInstance (0ms)
			ReleaseScriptingObjects (0ms)
			CreateAndSetChildDomain (42ms)
		EndReloadAssembly (1331ms)
			LoadAssemblies (113ms)
			RebuildTransferFunctionScriptingTraits (0ms)
			SetupTypeCache (401ms)
			ReleaseScriptCaches (1ms)
			RebuildScriptCaches (69ms)
			SetupLoadedEditorAssemblies (475ms)
				LogAssemblyErrors (0ms)
				InitializePlatformSupportModulesInManaged (6ms)
				SetLoadedEditorAssemblies (1ms)
				RefreshPlugins (1ms)
				BeforeProcessingInitializeOnLoad (142ms)
				ProcessInitializeOnLoadAttributes (302ms)
				ProcessInitializeOnLoadMethodAttributes (18ms)
				AfterProcessingInitializeOnLoad (6ms)
				EditorAssembliesLoaded (0ms)
			ExecutionOrderSort2 (0ms)
			AwakeInstancesAfterBackupRestoration (12ms)
Platform modules already initialized, skipping
Switching build target platform(19) subTarget(0) extendedPlatform(0) -> platform(13) subTarget(537395200) extendedPlatform(0)
Refreshing native plugins compatible for Editor in 0.61 ms, found 3 plugins.
Preloading 0 native plugins for Editor in 0.00 ms.
Unloading 2253 Unused Serialized files (Serialized files now loaded: 0)
System memory in use before: 101.5 MB.
System memory in use after: 101.8 MB.

Unloading 19 unused Assets to reduce memory usage. Loaded Objects now: 2771.
Total: 3.795700 ms (FindLiveObjects: 0.221700 ms CreateObjectMapping: 0.129100 ms MarkObjects: 3.424300 ms  DeleteObjects: 0.019400 ms)

AssetImportParameters requested are different than current active one (requested -> active):
  custom:framework-win-MediaFoundation: 216162199b28c13a410421893ffa2e32 -> 
  custom:video-decoder-ogg-theora: a1e56fd34408186e4bbccfd4996cb3dc -> 
  custom:container-muxer-webm: aa71ff27fc2769a1b78a27578f13a17b -> 
  custom:container-demuxer-webm: 4f35f7cbe854078d1ac9338744f61a02 -> 
  custom:container-demuxer-ogg: 62fdf1f143b41e24485cea50d1cbac27 -> 
  custom:video-encoder-webm-vp8: eb34c28f22e8b96e1ab97ce403110664 -> 
  custom:video-decoder-webm-vp8: 9c59270c3fd7afecdb556c50c9e8de78 -> 
  custom:graphics/normal-map-encoding: 01000000000000000000000000000000 -> 02000000000000000000000000000000
  custom:audio-decoder-ogg-vorbis: bf7c407c2cedff20999df2af8eb42d56 -> 
  custom:audio-encoder-webm-vorbis: bf7c407c2cedff20999df2af8eb42d56 -> 
========================================================================
Received Prepare
Registering precompiled user dll's ...
Registered in 0.005257 seconds.
Begin MonoManager ReloadAssembly
Native extension for WindowsStandalone target not found
Refreshing native plugins compatible for Editor in 0.69 ms, found 3 plugins.
Preloading 0 native plugins for Editor in 0.00 ms.
Mono: successfully reloaded assembly
- Completed reload, in  1.645 seconds
Domain Reload Profiling:
	ReloadAssembly (1646ms)
		BeginReloadAssembly (136ms)
			ExecutionOrderSort (0ms)
			DisableScriptedObjects (9ms)
			BackupInstance (0ms)
			ReleaseScriptingObjects (0ms)
			CreateAndSetChildDomain (40ms)
		EndReloadAssembly (1325ms)
			LoadAssemblies (117ms)
			RebuildTransferFunctionScriptingTraits (0ms)
			SetupTypeCache (443ms)
			ReleaseScriptCaches (1ms)
			RebuildScriptCaches (72ms)
			SetupLoadedEditorAssemblies (484ms)
				LogAssemblyErrors (0ms)
				InitializePlatformSupportModulesInManaged (7ms)
				SetLoadedEditorAssemblies (1ms)
				RefreshPlugins (1ms)
				BeforeProcessingInitializeOnLoad (136ms)
				ProcessInitializeOnLoadAttributes (314ms)
				ProcessInitializeOnLoadMethodAttributes (19ms)
				AfterProcessingInitializeOnLoad (6ms)
				EditorAssembliesLoaded (0ms)
			ExecutionOrderSort2 (0ms)
			AwakeInstancesAfterBackupRestoration (13ms)
Platform modules already initialized, skipping
Switching build target platform(19) subTarget(0) extendedPlatform(0) -> platform(13) subTarget(537395200) extendedPlatform(0)
Refreshing native plugins compatible for Editor in 0.72 ms, found 3 plugins.
Preloading 0 native plugins for Editor in 0.00 ms.
Unloading 2253 Unused Serialized files (Serialized files now loaded: 0)
System memory in use before: 101.6 MB.
System memory in use after: 101.9 MB.

Unloading 19 unused Assets to reduce memory usage. Loaded Objects now: 2773.
Total: 3.962700 ms (FindLiveObjects: 0.212800 ms CreateObjectMapping: 0.121400 ms MarkObjects: 3.602400 ms  DeleteObjects: 0.024900 ms)

AssetImportParameters requested are different than current active one (requested -> active):
  custom:framework-win-MediaFoundation: 216162199b28c13a410421893ffa2e32 -> 
  custom:video-decoder-ogg-theora: a1e56fd34408186e4bbccfd4996cb3dc -> 
  custom:container-muxer-webm: aa71ff27fc2769a1b78a27578f13a17b -> 
  custom:container-demuxer-webm: 4f35f7cbe854078d1ac9338744f61a02 -> 
  custom:container-demuxer-ogg: 62fdf1f143b41e24485cea50d1cbac27 -> 
  custom:video-encoder-webm-vp8: eb34c28f22e8b96e1ab97ce403110664 -> 
  custom:video-decoder-webm-vp8: 9c59270c3fd7afecdb556c50c9e8de78 -> 
  custom:graphics/normal-map-encoding: 01000000000000000000000000000000 -> 02000000000000000000000000000000
  custom:audio-decoder-ogg-vorbis: bf7c407c2cedff20999df2af8eb42d56 -> 
  custom:audio-encoder-webm-vorbis: bf7c407c2cedff20999df2af8eb42d56 -> 
========================================================================
Received Import Request.
  Time since last request: 451.809388 seconds.
  path: Assets/Prefabs/Minotaur.prefab
  artifactKey: Guid(3159d57ea574bd548a1f75d348fc2078) Importer(815301076,1909f56bfc062723c751e8b465ee728b)
Start importing Assets/Prefabs/Minotaur.prefab using Guid(3159d57ea574bd548a1f75d348fc2078) Importer(815301076,1909f56bfc062723c751e8b465ee728b)  -> (artifact id: '72f19a16c600df5b33dc7c37f9d605f5') in 0.138969 seconds 
  Import took 0.144381 seconds .

AssetImportWorkerClient::OnTransportError - code=2 error=End of file
