Using pre-set license
Built from '2020.3/staging' branch; Version is '2020.3.25f1 (9b9180224418) revision 10195328'; Using compiler version '192528614'; Build Type 'Release'
OS: 'Windows 10  (10.0.19041) 64bit Professional' Language: 'ru' Physical Memory: 16337 MB
BatchMode: 1, IsHumanControllingUs: 0, StartBugReporterOnCrash: 0, Is64bit: 1, IsPro: 0

COMMAND LINE ARGUMENTS:
C:\Program Files\Unity\Hub\Editor\2020.3.25f1\Editor\Unity.exe
-adb2
-batchMode
-noUpm
-name
AssetImportWorker0
-projectPath
C:/Users/Asus/Documents/GitHub/SwampAttack/SwampAttack
-logFile
Logs/AssetImportWorker0.log
-srvPort
52807
Successfully changed project path to: C:/Users/Asus/Documents/GitHub/SwampAttack/SwampAttack
C:/Users/Asus/Documents/GitHub/SwampAttack/SwampAttack
Using Asset Import Pipeline V2.
Unable to join player connection multicast group.
Unable to join player connection alternative multicast group.
Refreshing native plugins compatible for Editor in 62.21 ms, found 3 plugins.
Preloading 0 native plugins for Editor in 0.00 ms.
Initialize engine version: 2020.3.25f1 (9b9180224418)
[Subsystems] Discovering subsystems at path C:/Program Files/Unity/Hub/Editor/2020.3.25f1/Editor/Data/Resources/UnitySubsystems
[Subsystems] Discovering subsystems at path C:/Users/Asus/Documents/GitHub/SwampAttack/SwampAttack/Assets
GfxDevice: creating device client; threaded=0
Direct3D:
    Version:  Direct3D 11.0 [level 11.1]
    Renderer: NVIDIA GeForce GTX 1070 (ID=0x1be1)
    Vendor:   
    VRAM:     8081 MB
    Driver:   30.0.14.9729
Initialize mono
Mono path[0] = 'C:/Program Files/Unity/Hub/Editor/2020.3.25f1/Editor/Data/Managed'
Mono path[1] = 'C:/Program Files/Unity/Hub/Editor/2020.3.25f1/Editor/Data/MonoBleedingEdge/lib/mono/unityjit'
Mono config path = 'C:/Program Files/Unity/Hub/Editor/2020.3.25f1/Editor/Data/MonoBleedingEdge/etc'
Using monoOptions --debugger-agent=transport=dt_socket,embedding=1,server=y,suspend=n,address=127.0.0.1:56920
Begin MonoManager ReloadAssembly
Registering precompiled unity dll's ...
Register platform support module: C:/Program Files/Unity/Hub/Editor/2020.3.25f1/Editor/Data/PlaybackEngines/WindowsStandaloneSupport/UnityEditor.WindowsStandalone.Extensions.dll
Registered in 0.001884 seconds.
Native extension for WindowsStandalone target not found
Refreshing native plugins compatible for Editor in 62.80 ms, found 3 plugins.
Preloading 0 native plugins for Editor in 0.00 ms.
Mono: successfully reloaded assembly
- Completed reload, in  0.783 seconds
Domain Reload Profiling:
	ReloadAssembly (783ms)
		BeginReloadAssembly (67ms)
			ExecutionOrderSort (0ms)
			DisableScriptedObjects (0ms)
			BackupInstance (0ms)
			ReleaseScriptingObjects (0ms)
			CreateAndSetChildDomain (1ms)
		EndReloadAssembly (624ms)
			LoadAssemblies (64ms)
			RebuildTransferFunctionScriptingTraits (0ms)
			SetupTypeCache (194ms)
			ReleaseScriptCaches (0ms)
			RebuildScriptCaches (47ms)
			SetupLoadedEditorAssemblies (242ms)
				LogAssemblyErrors (0ms)
				InitializePlatformSupportModulesInManaged (5ms)
				SetLoadedEditorAssemblies (0ms)
				RefreshPlugins (63ms)
				BeforeProcessingInitializeOnLoad (20ms)
				ProcessInitializeOnLoadAttributes (115ms)
				ProcessInitializeOnLoadMethodAttributes (39ms)
				AfterProcessingInitializeOnLoad (0ms)
				EditorAssembliesLoaded (0ms)
			ExecutionOrderSort2 (0ms)
			AwakeInstancesAfterBackupRestoration (0ms)
Platform modules already initialized, skipping
Registering precompiled user dll's ...
Registered in 0.004718 seconds.
Begin MonoManager ReloadAssembly
Native extension for WindowsStandalone target not found
Refreshing native plugins compatible for Editor in 60.61 ms, found 3 plugins.
Preloading 0 native plugins for Editor in 0.00 ms.
Mono: successfully reloaded assembly
- Completed reload, in  1.506 seconds
Domain Reload Profiling:
	ReloadAssembly (1507ms)
		BeginReloadAssembly (185ms)
			ExecutionOrderSort (0ms)
			DisableScriptedObjects (6ms)
			BackupInstance (0ms)
			ReleaseScriptingObjects (0ms)
			CreateAndSetChildDomain (22ms)
		EndReloadAssembly (1243ms)
			LoadAssemblies (110ms)
			RebuildTransferFunctionScriptingTraits (0ms)
			SetupTypeCache (393ms)
			ReleaseScriptCaches (1ms)
			RebuildScriptCaches (73ms)
			SetupLoadedEditorAssemblies (489ms)
				LogAssemblyErrors (0ms)
				InitializePlatformSupportModulesInManaged (4ms)
				SetLoadedEditorAssemblies (0ms)
				RefreshPlugins (61ms)
				BeforeProcessingInitializeOnLoad (120ms)
				ProcessInitializeOnLoadAttributes (275ms)
				ProcessInitializeOnLoadMethodAttributes (23ms)
				AfterProcessingInitializeOnLoad (6ms)
				EditorAssembliesLoaded (0ms)
			ExecutionOrderSort2 (0ms)
			AwakeInstancesAfterBackupRestoration (9ms)
Platform modules already initialized, skipping
========================================================================
Worker process is ready to serve import requests
Launched and connected shader compiler UnityShaderCompiler.exe after 0.08 seconds
Refreshing native plugins compatible for Editor in 0.55 ms, found 3 plugins.
Preloading 0 native plugins for Editor in 0.00 ms.
Unloading 2195 Unused Serialized files (Serialized files now loaded: 0)
System memory in use before: 95.9 MB.
System memory in use after: 96.0 MB.

Unloading 28 unused Assets to reduce memory usage. Loaded Objects now: 2627.
Total: 3.843900 ms (FindLiveObjects: 0.196000 ms CreateObjectMapping: 0.095800 ms MarkObjects: 3.475700 ms  DeleteObjects: 0.075300 ms)

AssetImportParameters requested are different than current active one (requested -> active):
  custom:framework-win-MediaFoundation: 216162199b28c13a410421893ffa2e32 -> 
  custom:video-decoder-ogg-theora: a1e56fd34408186e4bbccfd4996cb3dc -> 
  custom:container-muxer-webm: aa71ff27fc2769a1b78a27578f13a17b -> 
  custom:container-demuxer-webm: 4f35f7cbe854078d1ac9338744f61a02 -> 
  custom:container-demuxer-ogg: 62fdf1f143b41e24485cea50d1cbac27 -> 
  custom:video-encoder-webm-vp8: eb34c28f22e8b96e1ab97ce403110664 -> 
  custom:video-decoder-webm-vp8: 9c59270c3fd7afecdb556c50c9e8de78 -> 
  custom:audio-decoder-ogg-vorbis: bf7c407c2cedff20999df2af8eb42d56 -> 
  custom:audio-encoder-webm-vorbis: bf7c407c2cedff20999df2af8eb42d56 -> 
========================================================================
Received Import Request.
  path: Assets/Sprites/Bullet.png
  artifactKey: Guid(d47a8c648a464c84ea1187af168fed53) Importer(815301076,1909f56bfc062723c751e8b465ee728b)
Start importing Assets/Sprites/Bullet.png using Guid(d47a8c648a464c84ea1187af168fed53) Importer(815301076,1909f56bfc062723c751e8b465ee728b)  -> (artifact id: 'c68920ce42bed13ad36ff7a4daabf9d2') in 0.120423 seconds 
  Import took 0.124574 seconds .

========================================================================
Received Import Request.
  Time since last request: 3042.166474 seconds.
  path: Assets/Sprites/PaperUIKit
  artifactKey: Guid(d550b0d98e8c45a47b9287038f263bde) Importer(815301076,1909f56bfc062723c751e8b465ee728b)
Start importing Assets/Sprites/PaperUIKit using Guid(d550b0d98e8c45a47b9287038f263bde) Importer(815301076,1909f56bfc062723c751e8b465ee728b)  -> (artifact id: '37b51d0e0ad16452d97d444e3bff7517') in 0.009494 seconds 
  Import took 0.013613 seconds .

========================================================================
Received Import Request.
  Time since last request: 2.058727 seconds.
  path: Assets/Sprites/Forest
  artifactKey: Guid(ede8928896326c840a7a32a598b3cdc8) Importer(815301076,1909f56bfc062723c751e8b465ee728b)
Start importing Assets/Sprites/Forest using Guid(ede8928896326c840a7a32a598b3cdc8) Importer(815301076,1909f56bfc062723c751e8b465ee728b)  -> (artifact id: '1de57ff9243d9a3de626a741c8e8089c') in 0.009439 seconds 
  Import took 0.013442 seconds .

========================================================================
Received Import Request.
  Time since last request: 0.057879 seconds.
  path: Assets/Sprites/Forest/Background.png
  artifactKey: Guid(c562be1cd85b237499b7b0487b56b485) Importer(815301076,1909f56bfc062723c751e8b465ee728b)
Start importing Assets/Sprites/Forest/Background.png using Guid(c562be1cd85b237499b7b0487b56b485) Importer(815301076,1909f56bfc062723c751e8b465ee728b)  -> (artifact id: 'ccdeff85cd96046e4fece9f320baf0d0') in 0.021898 seconds 
  Import took 0.025913 seconds .

========================================================================
Received Import Request.
  Time since last request: 0.000317 seconds.
  path: Assets/Sprites/Forest/Props.png
  artifactKey: Guid(817f5b3303a73f747819a4b120461a2a) Importer(815301076,1909f56bfc062723c751e8b465ee728b)
Start importing Assets/Sprites/Forest/Props.png using Guid(817f5b3303a73f747819a4b120461a2a) Importer(815301076,1909f56bfc062723c751e8b465ee728b)  -> (artifact id: 'dd7e117f6f731205bea96524d2dfc538') in 0.021767 seconds 
  Import took 0.025708 seconds .

========================================================================
Received Import Request.
  Time since last request: 0.000300 seconds.
  path: Assets/Sprites/Forest/Extension_blue.png
  artifactKey: Guid(7a16fdf3dfa7409428280759e12dc0be) Importer(815301076,1909f56bfc062723c751e8b465ee728b)
Start importing Assets/Sprites/Forest/Extension_blue.png using Guid(7a16fdf3dfa7409428280759e12dc0be) Importer(815301076,1909f56bfc062723c751e8b465ee728b)  -> (artifact id: '49acd74ef21103e3274bc96e86ba877d') in 0.020954 seconds 
  Import took 0.024814 seconds .

========================================================================
Received Import Request.
  Time since last request: 0.000324 seconds.
  path: Assets/Sprites/Forest/Extension_green.png
  artifactKey: Guid(6530241423223d6438d797ea4a61e4f5) Importer(815301076,1909f56bfc062723c751e8b465ee728b)
Start importing Assets/Sprites/Forest/Extension_green.png using Guid(6530241423223d6438d797ea4a61e4f5) Importer(815301076,1909f56bfc062723c751e8b465ee728b)  -> (artifact id: 'd1d9db2f515106cb49d8d25047dee40b') in 0.016375 seconds 
  Import took 0.021209 seconds .

========================================================================
Received Import Request.
  Time since last request: 0.000298 seconds.
  path: Assets/Sprites/Forest/Middleground.png
  artifactKey: Guid(87391c12982ed2945a6ac8de5f4202da) Importer(815301076,1909f56bfc062723c751e8b465ee728b)
Start importing Assets/Sprites/Forest/Middleground.png using Guid(87391c12982ed2945a6ac8de5f4202da) Importer(815301076,1909f56bfc062723c751e8b465ee728b)  -> (artifact id: '1ab333fc43aeef382843b35545f62d0e') in 0.017918 seconds 
  Import took 0.022373 seconds .

========================================================================
Received Import Request.
  Time since last request: 0.000318 seconds.
  path: Assets/Sprites/Forest/Tileset.png
  artifactKey: Guid(e9423b1842db63b439072ad67258cdff) Importer(815301076,1909f56bfc062723c751e8b465ee728b)
Start importing Assets/Sprites/Forest/Tileset.png using Guid(e9423b1842db63b439072ad67258cdff) Importer(815301076,1909f56bfc062723c751e8b465ee728b)  -> (artifact id: '6a87126ce21fec5518f5d876fb2380c6') in 0.021849 seconds 
  Import took 0.025836 seconds .

========================================================================
Received Import Request.
  Time since last request: 8.716933 seconds.
  path: Assets/Sprites/Forest/Background.png
  artifactKey: Guid(c562be1cd85b237499b7b0487b56b485) Importer(815301076,1909f56bfc062723c751e8b465ee728b)
Start importing Assets/Sprites/Forest/Background.png using Guid(c562be1cd85b237499b7b0487b56b485) Importer(815301076,1909f56bfc062723c751e8b465ee728b)  -> (artifact id: 'bedebbe05eeca710a6b6fb4564d78d0b') in 0.016463 seconds 
  Import took 0.020656 seconds .

========================================================================
Received Import Request.
  Time since last request: 43.267418 seconds.
  path: Assets/Sprites/Forest/Background.png
  artifactKey: Guid(c562be1cd85b237499b7b0487b56b485) Importer(815301076,1909f56bfc062723c751e8b465ee728b)
Start importing Assets/Sprites/Forest/Background.png using Guid(c562be1cd85b237499b7b0487b56b485) Importer(815301076,1909f56bfc062723c751e8b465ee728b)  -> (artifact id: '67c74314e6d85901869ad254890b7b64') in 0.016014 seconds 
  Import took 0.020001 seconds .

========================================================================
Received Import Request.
  Time since last request: 20.352662 seconds.
  path: Assets/Sprites/Forest/Middleground.png
  artifactKey: Guid(87391c12982ed2945a6ac8de5f4202da) Importer(815301076,1909f56bfc062723c751e8b465ee728b)
Start importing Assets/Sprites/Forest/Middleground.png using Guid(87391c12982ed2945a6ac8de5f4202da) Importer(815301076,1909f56bfc062723c751e8b465ee728b)  -> (artifact id: 'c891ab0e36821ea8d67e0b9e1020dcc9') in 0.020173 seconds 
  Import took 0.024572 seconds .

========================================================================
Received Import Request.
  Time since last request: 226.588187 seconds.
  path: Assets/Sprites/Forest/Tileset.png
  artifactKey: Guid(e9423b1842db63b439072ad67258cdff) Importer(815301076,1909f56bfc062723c751e8b465ee728b)
Start importing Assets/Sprites/Forest/Tileset.png using Guid(e9423b1842db63b439072ad67258cdff) Importer(815301076,1909f56bfc062723c751e8b465ee728b)  -> (artifact id: 'e55077155f1b4bc1b0416eb7ab3a9fd0') in 0.015005 seconds 
  Import took 0.019870 seconds .

========================================================================
Received Import Request.
  Time since last request: 40.948980 seconds.
  path: Assets/Sprites/Forest/Tileset.png
  artifactKey: Guid(e9423b1842db63b439072ad67258cdff) Importer(815301076,1909f56bfc062723c751e8b465ee728b)
Start importing Assets/Sprites/Forest/Tileset.png using Guid(e9423b1842db63b439072ad67258cdff) Importer(815301076,1909f56bfc062723c751e8b465ee728b)  -> (artifact id: '2cf242eb81939a04653a7d5a3b0d0ea9') in 0.028274 seconds 
  Import took 0.032534 seconds .

========================================================================
Received Import Request.
  Time since last request: 33.985540 seconds.
  path: Assets/TilePalette
  artifactKey: Guid(7fc91996c4b09b34ba548bbdf49f92ce) Importer(815301076,1909f56bfc062723c751e8b465ee728b)
Start importing Assets/TilePalette using Guid(7fc91996c4b09b34ba548bbdf49f92ce) Importer(815301076,1909f56bfc062723c751e8b465ee728b)  -> (artifact id: '3daa19deced0f3369bf2fcc284da6e7e') in 0.007288 seconds 
  Import took 0.011323 seconds .

========================================================================
Received Import Request.
  Time since last request: 31.462922 seconds.
  path: Assets/Sprites/Minotaur
  artifactKey: Guid(a5d40b27f672161419b14bf7f3ef3146) Importer(815301076,1909f56bfc062723c751e8b465ee728b)
Start importing Assets/Sprites/Minotaur using Guid(a5d40b27f672161419b14bf7f3ef3146) Importer(815301076,1909f56bfc062723c751e8b465ee728b)  -> (artifact id: '9965e036ac27b4c5d52c7cf502ebc829') in 0.011329 seconds 
  Import took 0.016311 seconds .

========================================================================
Received Import Request.
  Time since last request: 230.418339 seconds.
  path: Assets/Sprites/Forest/Tileset.png
  artifactKey: Guid(e9423b1842db63b439072ad67258cdff) Importer(815301076,1909f56bfc062723c751e8b465ee728b)
Start importing Assets/Sprites/Forest/Tileset.png using Guid(e9423b1842db63b439072ad67258cdff) Importer(815301076,1909f56bfc062723c751e8b465ee728b)  -> (artifact id: 'c679153a97ccea8a2ac40bfeeb42c9f1') in 0.049306 seconds 
  Import took 0.053451 seconds .

========================================================================
Received Import Request.
  Time since last request: 157.746963 seconds.
  path: Assets/Sprites/Forest/Tileset.png
  artifactKey: Guid(e9423b1842db63b439072ad67258cdff) Importer(815301076,1909f56bfc062723c751e8b465ee728b)
Start importing Assets/Sprites/Forest/Tileset.png using Guid(e9423b1842db63b439072ad67258cdff) Importer(815301076,1909f56bfc062723c751e8b465ee728b)  -> (artifact id: 'c173f87cd420bee5150a279bfcf1241f') in 0.051995 seconds 
  Import took 0.056237 seconds .

========================================================================
Received Import Request.
  Time since last request: 185.948108 seconds.
  path: Assets/Sprites/Forest/Props.png
  artifactKey: Guid(817f5b3303a73f747819a4b120461a2a) Importer(815301076,1909f56bfc062723c751e8b465ee728b)
Start importing Assets/Sprites/Forest/Props.png using Guid(817f5b3303a73f747819a4b120461a2a) Importer(815301076,1909f56bfc062723c751e8b465ee728b)  -> (artifact id: 'e3238f136835c30549d6b9721d4950cd') in 0.013640 seconds 
  Import took 0.018417 seconds .

========================================================================
Received Import Request.
  Time since last request: 3.856141 seconds.
  path: Assets/Sprites/Forest/Props.png
  artifactKey: Guid(817f5b3303a73f747819a4b120461a2a) Importer(815301076,1909f56bfc062723c751e8b465ee728b)
Start importing Assets/Sprites/Forest/Props.png using Guid(817f5b3303a73f747819a4b120461a2a) Importer(815301076,1909f56bfc062723c751e8b465ee728b)  -> (artifact id: '523e04b7c88dc1d946a87546d2a8f738') in 0.017592 seconds 
  Import took 0.021859 seconds .

========================================================================
Received Import Request.
  Time since last request: 8.668393 seconds.
  path: Assets/Sprites/Forest/Props.png
  artifactKey: Guid(817f5b3303a73f747819a4b120461a2a) Importer(815301076,1909f56bfc062723c751e8b465ee728b)
Start importing Assets/Sprites/Forest/Props.png using Guid(817f5b3303a73f747819a4b120461a2a) Importer(815301076,1909f56bfc062723c751e8b465ee728b)  -> (artifact id: '1dc83aeb4219bd8935f280f47e851e59') in 0.038112 seconds 
  Import took 0.042431 seconds .

========================================================================
Received Import Request.
  Time since last request: 226.474976 seconds.
  path: Assets/Sprites/Forest/Props.png
  artifactKey: Guid(817f5b3303a73f747819a4b120461a2a) Importer(815301076,1909f56bfc062723c751e8b465ee728b)
Start importing Assets/Sprites/Forest/Props.png using Guid(817f5b3303a73f747819a4b120461a2a) Importer(815301076,1909f56bfc062723c751e8b465ee728b)  -> (artifact id: '92152995286724fca5cf701a3baacb34') in 0.034796 seconds 
  Import took 0.038922 seconds .

========================================================================
Received Prepare
Registering precompiled user dll's ...
Registered in 0.005404 seconds.
Begin MonoManager ReloadAssembly
Native extension for WindowsStandalone target not found
Refreshing native plugins compatible for Editor in 0.64 ms, found 3 plugins.
Preloading 0 native plugins for Editor in 0.00 ms.
Mono: successfully reloaded assembly
- Completed reload, in  1.391 seconds
Domain Reload Profiling:
	ReloadAssembly (1391ms)
		BeginReloadAssembly (145ms)
			ExecutionOrderSort (0ms)
			DisableScriptedObjects (8ms)
			BackupInstance (0ms)
			ReleaseScriptingObjects (0ms)
			CreateAndSetChildDomain (43ms)
		EndReloadAssembly (1165ms)
			LoadAssemblies (114ms)
			RebuildTransferFunctionScriptingTraits (0ms)
			SetupTypeCache (395ms)
			ReleaseScriptCaches (1ms)
			RebuildScriptCaches (67ms)
			SetupLoadedEditorAssemblies (436ms)
				LogAssemblyErrors (0ms)
				InitializePlatformSupportModulesInManaged (6ms)
				SetLoadedEditorAssemblies (1ms)
				RefreshPlugins (1ms)
				BeforeProcessingInitializeOnLoad (124ms)
				ProcessInitializeOnLoadAttributes (283ms)
				ProcessInitializeOnLoadMethodAttributes (16ms)
				AfterProcessingInitializeOnLoad (6ms)
				EditorAssembliesLoaded (0ms)
			ExecutionOrderSort2 (0ms)
			AwakeInstancesAfterBackupRestoration (13ms)
Platform modules already initialized, skipping
Switching build target platform(19) subTarget(0) extendedPlatform(0) -> platform(13) subTarget(537395200) extendedPlatform(0)
Refreshing native plugins compatible for Editor in 0.57 ms, found 3 plugins.
Preloading 0 native plugins for Editor in 0.00 ms.
Unloading 2187 Unused Serialized files (Serialized files now loaded: 0)
System memory in use before: 98.3 MB.
System memory in use after: 98.4 MB.

Unloading 17 unused Assets to reduce memory usage. Loaded Objects now: 2653.
Total: 3.745600 ms (FindLiveObjects: 0.205900 ms CreateObjectMapping: 0.104400 ms MarkObjects: 3.414000 ms  DeleteObjects: 0.020200 ms)

AssetImportParameters requested are different than current active one (requested -> active):
  custom:framework-win-MediaFoundation: 216162199b28c13a410421893ffa2e32 -> 
  custom:video-decoder-ogg-theora: a1e56fd34408186e4bbccfd4996cb3dc -> 
  custom:container-muxer-webm: aa71ff27fc2769a1b78a27578f13a17b -> 
  custom:container-demuxer-webm: 4f35f7cbe854078d1ac9338744f61a02 -> 
  custom:container-demuxer-ogg: 62fdf1f143b41e24485cea50d1cbac27 -> 
  custom:video-encoder-webm-vp8: eb34c28f22e8b96e1ab97ce403110664 -> 
  custom:video-decoder-webm-vp8: 9c59270c3fd7afecdb556c50c9e8de78 -> 
  custom:graphics/normal-map-encoding: 01000000000000000000000000000000 -> 02000000000000000000000000000000
  custom:audio-decoder-ogg-vorbis: bf7c407c2cedff20999df2af8eb42d56 -> 
  custom:audio-encoder-webm-vorbis: bf7c407c2cedff20999df2af8eb42d56 -> 
AssetImportWorkerClient::OnTransportError - code=2 error=End of file
